生成启动时间为 2019/12/6 16:41:57。
     1>项目“F:\VS2013Projects\线性表\线性表\线性表.vcxproj”在节点 2 上(Build 个目标)。
     1>ClCompile:
         G:\Microsoft Visual Studio 2013\VC\bin\CL.exe /c /ZI /nologo /W3 /WX- /Od /Oy- /D WIN32 /D _DEBUG /D _CONSOLE /D _LIB /D _UNICODE /D UNICODE /Gm /EHsc /RTC1 /MDd /GS /fp:precise /Zc:wchar_t /Zc:forScope /Fo"Debug\\" /Fd"Debug\vc120.pdb" /Gd /TP /analyze- /errorReport:prompt "静态链表.cpp"
         静态链表.cpp
     1>f:\vs2013projects\线性表\线性表\静态链表.cpp(433): warning C4996: 'scanf': This function or variable may be unsafe. Consider using scanf_s instead. To disable deprecation, use _CRT_SECURE_NO_WARNINGS. See online help for details.
                 g:\microsoft visual studio 2013\vc\include\stdio.h(283) : 参见“scanf”的声明
     1>f:\vs2013projects\线性表\线性表\静态链表.cpp(515): warning C4553: “==”: 运算符不起任何作用；是否是有意使用“=”的?
     1>f:\vs2013projects\线性表\线性表\静态链表.cpp(557): warning C4996: 'scanf': This function or variable may be unsafe. Consider using scanf_s instead. To disable deprecation, use _CRT_SECURE_NO_WARNINGS. See online help for details.
                 g:\microsoft visual studio 2013\vc\include\stdio.h(283) : 参见“scanf”的声明
     1>f:\vs2013projects\线性表\线性表\静态链表.cpp(566): warning C4996: 'scanf': This function or variable may be unsafe. Consider using scanf_s instead. To disable deprecation, use _CRT_SECURE_NO_WARNINGS. See online help for details.
                 g:\microsoft visual studio 2013\vc\include\stdio.h(283) : 参见“scanf”的声明
     1>f:\vs2013projects\线性表\线性表\静态链表.cpp(560): warning C4700: 使用了未初始化的局部变量“S”
       Link:
         G:\Microsoft Visual Studio 2013\VC\bin\link.exe /ERRORREPORT:PROMPT /OUT:"F:\VS2013Projects\线性表\Debug\线性表.exe" /INCREMENTAL /NOLOGO kernel32.lib user32.lib gdi32.lib winspool.lib comdlg32.lib advapi32.lib shell32.lib ole32.lib oleaut32.lib uuid.lib odbc32.lib odbccp32.lib /MANIFEST /MANIFESTUAC:"level='asInvoker' uiAccess='false'" /manifest:embed /DEBUG /PDB:"F:\VS2013Projects\线性表\Debug\线性表.pdb" /SUBSYSTEM:CONSOLE /TLBID:1 /DYNAMICBASE /NXCOMPAT /IMPLIB:"F:\VS2013Projects\线性表\Debug\线性表.lib" /MACHINE:X86 "Debug\单链表.obj"
         "Debug\源.obj"
         "Debug\静态链表.obj"
         "Debug\顺序表.obj"
         线性表.vcxproj -> F:\VS2013Projects\线性表\Debug\线性表.exe
     1>已完成生成项目“F:\VS2013Projects\线性表\线性表\线性表.vcxproj”(Build 个目标)的操作。

生成成功。

已用时间 00:00:00.95
